<?xml version="1.0" encoding="UTF-8"?>
<!-- Generated by org.testng.reporters.JUnitReportReporter -->
<testsuite skipped="0" hostname="TILLT07894" name="com.apiTesting.Test.FirstTest" tests="1" failures="0" timestamp="2021-11-22T10:32:09 IST" time="2.579" errors="0">
  <testcase name="verifySingleUser" time="2.579" classname="com.apiTesting.Test.FirstTest"/>
  <system-out/>
</testsuite> <!-- com.apiTesting.Test.FirstTest -->
