<?xml version="1.0" encoding="UTF-8"?>
<!-- Generated by org.testng.reporters.JUnitReportReporter -->
<testsuite skipped="0" hostname="TILLT07894" name="FirstTest" tests="1" failures="0" timestamp="2021-11-15T16:15:49 IST" time="1.679" errors="0">
  <testcase name="getData" time="1.679" classname="FirstTest"/>
  <system-out/>
</testsuite> <!-- FirstTest -->
